android/build/intermediates/manifest_merge_blame_file/debug/manifest-merger-blame-debug-report.txt
1<?xml version="1.0" encoding="utf-8"?>
2<manifest xmlns:android="http://schemas.android.com/apk/res/android"
3    package="com.roudikk.android"
4    android:versionCode="1"
5    android:versionName="1.0" >
6
7    <uses-sdk
8        android:minSdkVersion="24"
8-->src\main\AndroidManifest.xml
9        android:targetSdkVersion="31" />
9-->src\main\AndroidManifest.xml
10
11    <application
11-->src\main\AndroidManifest.xml:3:5-13:19
12        android:allowBackup="false"
12-->src\main\AndroidManifest.xml:4:13-40
13        android:appComponentFactory="androidx.core.app.CoreComponentFactory"
13-->[androidx.core:core:1.5.0] AndroidManifest.xml:24:18-86
14        android:debuggable="true"
15        android:extractNativeLibs="false"
16        android:supportsRtl="true"
16-->src\main\AndroidManifest.xml:5:13-39
17        android:testOnly="true"
18        android:theme="@style/Theme.AppCompat.Light.NoActionBar" >
18-->src\main\AndroidManifest.xml:6:13-69
19        <activity
19-->src\main\AndroidManifest.xml:7:13-12:20
20            android:name="com.roudikk.android.MainActivity"
20-->src\main\AndroidManifest.xml:7:23-51
21            android:exported="true" >
21-->src\main\AndroidManifest.xml:7:52-75
22            <intent-filter>
22-->src\main\AndroidManifest.xml:8:13-11:29
23                <action android:name="android.intent.action.MAIN" />
23-->src\main\AndroidManifest.xml:9:17-68
23-->src\main\AndroidManifest.xml:9:25-66
24
25                <category android:name="android.intent.category.LAUNCHER" />
25-->src\main\AndroidManifest.xml:10:17-76
25-->src\main\AndroidManifest.xml:10:27-74
26            </intent-filter>
27        </activity>
28
29        <provider
29-->[androidx.profileinstaller:profileinstaller:1.1.0] AndroidManifest.xml:26:9-34:20
30            android:name="androidx.startup.InitializationProvider"
30-->[androidx.profileinstaller:profileinstaller:1.1.0] AndroidManifest.xml:27:13-67
31            android:authorities="com.roudikk.android.androidx-startup"
31-->[androidx.profileinstaller:profileinstaller:1.1.0] AndroidManifest.xml:28:13-68
32            android:exported="false" >
32-->[androidx.profileinstaller:profileinstaller:1.1.0] AndroidManifest.xml:29:13-37
33            <meta-data
33-->[androidx.profileinstaller:profileinstaller:1.1.0] AndroidManifest.xml:31:13-33:52
34                android:name="androidx.profileinstaller.ProfileInstallerInitializer"
34-->[androidx.profileinstaller:profileinstaller:1.1.0] AndroidManifest.xml:32:17-85
35                android:value="androidx.startup" />
35-->[androidx.profileinstaller:profileinstaller:1.1.0] AndroidManifest.xml:33:17-49
36        </provider>
37
38        <receiver
38-->[androidx.profileinstaller:profileinstaller:1.1.0] AndroidManifest.xml:36:9-45:20
39            android:name="androidx.profileinstaller.ProfileInstallReceiver"
39-->[androidx.profileinstaller:profileinstaller:1.1.0] AndroidManifest.xml:37:13-76
40            android:directBootAware="false"
40-->[androidx.profileinstaller:profileinstaller:1.1.0] AndroidManifest.xml:38:13-44
41            android:enabled="true"
41-->[androidx.profileinstaller:profileinstaller:1.1.0] AndroidManifest.xml:39:13-35
42            android:exported="true"
42-->[androidx.profileinstaller:profileinstaller:1.1.0] AndroidManifest.xml:40:13-36
43            android:permission="android.permission.DUMP" >
43-->[androidx.profileinstaller:profileinstaller:1.1.0] AndroidManifest.xml:41:13-57
44            <intent-filter>
44-->[androidx.profileinstaller:profileinstaller:1.1.0] AndroidManifest.xml:42:13-44:29
45                <action android:name="androidx.profileinstaller.action.INSTALL_PROFILE" />
45-->[androidx.profileinstaller:profileinstaller:1.1.0] AndroidManifest.xml:43:17-91
45-->[androidx.profileinstaller:profileinstaller:1.1.0] AndroidManifest.xml:43:25-88
46            </intent-filter>
47        </receiver>
48    </application>
49
50</manifest>